2022/05/05 main.go:51: ShutDown Server...
2022/05/05 main.go:59: Server Existing
2022/05/05 main.go:39: Starting HTTP Server , Listening :8080 ... 
2022/05/05 auth.go:50: &{POST /api/user/login HTTP/1.1 1 1 map[Accept-Encoding:[gzip] Connection:[close] Content-Length:[41] Content-Type:[application/x-www-form-urlencoded; charset=utf-8; application/json] User-Agent:[Go-http-client/1.1]] 0xc0000d6400 <nil> 41 [] true 127.0.0.1:8080 map[{"username":["test4","password"="1234567"}]] map[{"username":["test4","password"="1234567"}]] <nil> map[] 127.0.0.1:63143 /api/user/login <nil> <nil> <nil> 0xc0000d6440}
2022/05/05 auth.go:51: Process Cost Time : 76.271µs
2022/05/05 auth.go:50: &{POST /api/user/login HTTP/1.1 1 1 map[Accept-Encoding:[gzip] Connection:[close] Content-Length:[20] Content-Type:[application/x-www-form-urlencoded; charset=utf-8; application/json] User-Agent:[Go-http-client/1.1]] 0xc000460200 <nil> 20 [] true 127.0.0.1:8080 map[{"username":["test4"}]] map[{"username":["test4"}]] <nil> map[] 127.0.0.1:64377 /api/user/login <nil> <nil> <nil> 0xc000460240}
2022/05/05 auth.go:51: Process Cost Time : 74.266µs
2022/05/05 auth.go:50: &{GET /api/user/loginxx HTTP/1.1 1 1 map[Accept:[text/html,application/xhtml+xml,application/xml;q=0.9,*/*;q=0.8] Accept-Encoding:[gzip, deflate] Accept-Language:[en-us] Connection:[keep-alive] Upgrade-Insecure-Requests:[1] User-Agent:[Mozilla/5.0 (Macintosh; Intel Mac OS X 10_15_6) AppleWebKit/605.1.15 (KHTML, like Gecko) Version/14.0 Safari/605.1.15]] {} <nil> 0 [] false localhost:8080 map[] map[] <nil> map[] [::1]:64510 /api/user/loginxx <nil> <nil> <nil> 0xc000460480}
2022/05/05 auth.go:51: Process Cost Time : 576.585µs
2022/05/05 auth.go:50: &{GET /api/user/assets/css/main.css HTTP/1.1 1 1 map[Accept:[text/css,*/*;q=0.1] Accept-Encoding:[gzip, deflate] Accept-Language:[en-us] Connection:[keep-alive] Referer:[http://localhost:8080/api/user/loginxx] User-Agent:[Mozilla/5.0 (Macintosh; Intel Mac OS X 10_15_6) AppleWebKit/605.1.15 (KHTML, like Gecko) Version/14.0 Safari/605.1.15]] {} <nil> 0 [] false localhost:8080 map[] map[] <nil> map[] [::1]:64509 /api/user/assets/css/main.css <nil> <nil> <nil> 0xc000460740}
2022/05/05 auth.go:51: Process Cost Time : 643.681µs
2022/05/05 auth.go:50: &{GET /api/index HTTP/1.1 1 1 map[Accept:[text/html,application/xhtml+xml,application/xml;q=0.9,*/*;q=0.8] Accept-Encoding:[gzip, deflate] Accept-Language:[en-us] Connection:[keep-alive] Referer:[http://localhost:8080/api/user/loginxx] Upgrade-Insecure-Requests:[1] User-Agent:[Mozilla/5.0 (Macintosh; Intel Mac OS X 10_15_6) AppleWebKit/605.1.15 (KHTML, like Gecko) Version/14.0 Safari/605.1.15]] {} <nil> 0 [] false localhost:8080 map[] map[] <nil> map[] [::1]:64509 /api/index <nil> <nil> <nil> 0xc00004cb80}
2022/05/05 auth.go:51: Process Cost Time : 846.351µs
2022/05/05 auth.go:50: &{POST /api/user/login HTTP/1.1 1 1 map[Accept:[text/html,application/xhtml+xml,application/xml;q=0.9,*/*;q=0.8] Accept-Encoding:[gzip, deflate] Accept-Language:[en-us] Connection:[keep-alive] Content-Length:[31] Content-Type:[application/x-www-form-urlencoded] Origin:[http://localhost:8080] Referer:[http://localhost:8080/api/index] Upgrade-Insecure-Requests:[1] User-Agent:[Mozilla/5.0 (Macintosh; Intel Mac OS X 10_15_6) AppleWebKit/605.1.15 (KHTML, like Gecko) Version/14.0 Safari/605.1.15]] 0xc00004ce40 <nil> 31 [] false localhost:8080 map[password:[1234567] username:[test4]] map[password:[1234567] username:[test4]] <nil> map[] [::1]:64509 /api/user/login <nil> <nil> <nil> 0xc00004ce80}
2022/05/05 auth.go:51: Process Cost Time : 143.97206ms
2022/05/05 auth.go:50: &{POST /api/user/login HTTP/1.1 1 1 map[Accept-Encoding:[gzip] Connection:[close] Content-Length:[18] Content-Type:[application/x-www-form-urlencoded; charset=utf-8; application/json] User-Agent:[Go-http-client/1.1]] 0xc000261040 <nil> 18 [] true 127.0.0.1:8080 map[{password:[1234567}]] map[{password:[1234567}]] <nil> map[] 127.0.0.1:65069 /api/user/login <nil> <nil> <nil> 0xc000261080}
2022/05/05 auth.go:51: Process Cost Time : 59.018µs
2022/05/05 auth.go:50: &{POST /api/user/login HTTP/1.1 1 1 map[Accept-Encoding:[gzip] Connection:[close] Content-Length:[33] Content-Type:[application/x-www-form-urlencoded; charset=utf-8; application/json] User-Agent:[Go-http-client/1.1]] 0xc000460200 <nil> 33 [] true 127.0.0.1:8080 map[{username:[test4,password=1234567}]] map[{username:[test4,password=1234567}]] <nil> map[] 127.0.0.1:65211 /api/user/login <nil> <nil> <nil> 0xc000460240}
2022/05/05 auth.go:51: Process Cost Time : 47.128µs
2022/05/05 auth.go:50: &{POST /api/user/login HTTP/1.1 1 1 map[Accept-Encoding:[gzip] Connection:[close] Content-Length:[33] Content-Type:[application/x-www-form-urlencoded; charset=utf-8; application/json] User-Agent:[Go-http-client/1.1]] 0xc000520280 <nil> 33 [] true 127.0.0.1:8080 map[] map[] <nil> map[] 127.0.0.1:65403 /api/user/login <nil> <nil> <nil> 0xc0005202c0}
2022/05/05 auth.go:51: Process Cost Time : 72.581µs
2022/05/05 auth.go:50: &{POST /api/user/login HTTP/1.1 1 1 map[Accept-Encoding:[gzip] Connection:[close] Content-Length:[34] Content-Type:[application/x-www-form-urlencoded; charset=utf-8; application/json] User-Agent:[Go-http-client/1.1]] 0xc00004c8c0 <nil> 34 [] true 127.0.0.1:8080 map[{username:[test4}{password=1234567}]] map[{username:[test4}{password=1234567}]] <nil> map[] 127.0.0.1:65476 /api/user/login <nil> <nil> <nil> 0xc00004c900}
2022/05/05 auth.go:51: Process Cost Time : 49.686µs
2022/05/05 auth.go:50: &{POST /api/user/login HTTP/1.1 1 1 map[Accept-Encoding:[gzip] Connection:[close] Content-Length:[33] Content-Type:[application/x-www-form-urlencoded; charset=utf-8; application/json] User-Agent:[Go-http-client/1.1]] 0xc00004c9c0 <nil> 33 [] true 127.0.0.1:8080 map[password:[1234567}] {username:[test4]] map[password:[1234567}] {username:[test4]] <nil> map[] 127.0.0.1:49686 /api/user/login <nil> <nil> <nil> 0xc00004ca00}
2022/05/05 auth.go:51: Process Cost Time : 48.856µs
2022/05/05 auth.go:50: &{POST /api/user/login HTTP/1.1 1 1 map[Accept-Encoding:[gzip] Connection:[close] Content-Length:[41] Content-Type:[application/x-www-form-urlencoded; charset=utf-8; application/json] User-Agent:[Go-http-client/1.1]] 0xc00004c8c0 <nil> 41 [] true 127.0.0.1:8080 map[{"username":["test4","password"="1234567"}]] map[{"username":["test4","password"="1234567"}]] <nil> map[] 127.0.0.1:50280 /api/user/login <nil> <nil> <nil> 0xc00004c900}
2022/05/05 auth.go:51: Process Cost Time : 60.909µs
2022/05/05 auth.go:50: &{POST /api/user/login HTTP/1.1 1 1 map[Accept-Encoding:[gzip] Connection:[close] Content-Length:[41] Content-Type:[application/x-www-form-urlencoded; charset=utf-8; application/json] User-Agent:[Go-http-client/1.1]] 0xc00004cc40 <nil> 41 [] true 127.0.0.1:8080 map["password":["1234567"}] {"username":["test4"]] map["password":["1234567"}] {"username":["test4"]] <nil> map[] 127.0.0.1:50477 /api/user/login <nil> <nil> <nil> 0xc00004cc80}
2022/05/05 auth.go:51: Process Cost Time : 49.713µs
2022/05/05 auth.go:50: &{POST /api/user/login HTTP/1.1 1 1 map[Accept-Encoding:[gzip] Connection:[close] Content-Length:[40] Content-Type:[application/x-www-form-urlencoded; charset=utf-8; application/json] User-Agent:[Go-http-client/1.1]] 0xc00004c880 <nil> 40 [] true 127.0.0.1:8080 map[{"username":["test4""password"="1234567"}]] map[{"username":["test4""password"="1234567"}]] <nil> map[] 127.0.0.1:50711 /api/user/login <nil> <nil> <nil> 0xc00004c8c0}
2022/05/05 auth.go:51: Process Cost Time : 48.452µs
2022/05/05 auth.go:50: &{POST /api/user/login HTTP/1.1 1 1 map[Accept-Encoding:[gzip] Connection:[close] Content-Length:[43] Content-Type:[application/x-www-form-urlencoded; charset=utf-8; application/json] User-Agent:[Go-http-client/1.1]] 0xc00004ca80 <nil> 43 [] true 127.0.0.1:8080 map[{"username":["test4"},{"password"="1234567"}]] map[{"username":["test4"},{"password"="1234567"}]] <nil> map[] 127.0.0.1:50864 /api/user/login <nil> <nil> <nil> 0xc00004cb40}
2022/05/05 auth.go:51: Process Cost Time : 48.152µs
2022/05/05 auth.go:50: &{POST /api/user/login HTTP/1.1 1 1 map[Accept-Encoding:[gzip] Connection:[close] Content-Length:[31] Content-Type:[application/x-www-form-urlencoded; charset=utf-8; application/json] User-Agent:[Go-http-client/1.1]] 0xc00004c840 <nil> 31 [] true 127.0.0.1:8080 map[password:[1234567] username:[test4]] map[password:[1234567] username:[test4]] <nil> map[] 127.0.0.1:52388 /api/user/login <nil> <nil> <nil> 0xc00004c880}
2022/05/05 auth.go:51: Process Cost Time : 65.819µs
2022/05/05 auth.go:50: &{GET /api/user/loginxx HTTP/1.1 1 1 map[Accept:[text/html,application/xhtml+xml,application/xml;q=0.9,*/*;q=0.8] Accept-Encoding:[gzip, deflate] Accept-Language:[en-us] Connection:[keep-alive] Upgrade-Insecure-Requests:[1] User-Agent:[Mozilla/5.0 (Macintosh; Intel Mac OS X 10_15_6) AppleWebKit/605.1.15 (KHTML, like Gecko) Version/14.0 Safari/605.1.15]] {} <nil> 0 [] false localhost:8080 map[] map[] <nil> map[] [::1]:52484 /api/user/loginxx <nil> <nil> <nil> 0xc00004cb00}
2022/05/05 auth.go:51: Process Cost Time : 743.413µs
2022/05/05 auth.go:50: &{GET /api/user/assets/css/main.css HTTP/1.1 1 1 map[Accept:[text/css,*/*;q=0.1] Accept-Encoding:[gzip, deflate] Accept-Language:[en-us] Connection:[keep-alive] Referer:[http://localhost:8080/api/user/loginxx] User-Agent:[Mozilla/5.0 (Macintosh; Intel Mac OS X 10_15_6) AppleWebKit/605.1.15 (KHTML, like Gecko) Version/14.0 Safari/605.1.15]] {} <nil> 0 [] false localhost:8080 map[] map[] <nil> map[] [::1]:52483 /api/user/assets/css/main.css <nil> <nil> <nil> 0xc00004ce40}
2022/05/05 auth.go:51: Process Cost Time : 941.979µs
2022/05/05 auth.go:50: &{GET /api/index HTTP/1.1 1 1 map[Accept:[text/html,application/xhtml+xml,application/xml;q=0.9,*/*;q=0.8] Accept-Encoding:[gzip, deflate] Accept-Language:[en-us] Connection:[keep-alive] Referer:[http://localhost:8080/api/user/loginxx] Upgrade-Insecure-Requests:[1] User-Agent:[Mozilla/5.0 (Macintosh; Intel Mac OS X 10_15_6) AppleWebKit/605.1.15 (KHTML, like Gecko) Version/14.0 Safari/605.1.15]] {} <nil> 0 [] false localhost:8080 map[] map[] <nil> map[] [::1]:52483 /api/index <nil> <nil> <nil> 0xc00004d580}
2022/05/05 auth.go:51: Process Cost Time : 662.392µs
2022/05/05 auth.go:50: &{POST /api/user/login HTTP/1.1 1 1 map[Accept:[text/html,application/xhtml+xml,application/xml;q=0.9,*/*;q=0.8] Accept-Encoding:[gzip, deflate] Accept-Language:[en-us] Connection:[keep-alive] Content-Length:[31] Content-Type:[application/x-www-form-urlencoded] Origin:[http://localhost:8080] Referer:[http://localhost:8080/api/index] Upgrade-Insecure-Requests:[1] User-Agent:[Mozilla/5.0 (Macintosh; Intel Mac OS X 10_15_6) AppleWebKit/605.1.15 (KHTML, like Gecko) Version/14.0 Safari/605.1.15]] 0xc00004da80 <nil> 31 [] false localhost:8080 map[password:[1234567] username:[test4]] map[password:[1234567] username:[test4]] <nil> map[] [::1]:52483 /api/user/login <nil> <nil> <nil> 0xc00004dac0}
2022/05/05 auth.go:51: Process Cost Time : 9.646206ms
2022/05/06 auth.go:50: &{POST /api/user/login HTTP/1.1 1 1 map[Accept:[application/json,test/plain,*/*] Accept-Encoding:[gzip] Connection:[close] Content-Length:[31] Content-Type:[application/x-www-form-urlencoded; charset=utf-8; application/json] Origin:[http://localhost:8080] Referer:[http://localhost:8080/api/index] User-Agent:[Go-http-client/1.1]] 0xc000261080 <nil> 31 [] true 127.0.0.1:8080 map[password:[1234567] username:[test4]] map[password:[1234567] username:[test4]] <nil> map[] 127.0.0.1:58496 /api/user/login <nil> <nil> <nil> 0xc0002610c0}
2022/05/06 auth.go:51: Process Cost Time : 54.331µs
2022/05/06 auth.go:50: &{POST /api/user/login HTTP/1.1 1 1 map[Accept:[application/json,test/plain,*/*] Accept-Encoding:[gzip] Connection:[close] Content-Length:[31] Content-Type:[application/x-www-form-urlencoded; charset=utf-8; application/json] Origin:[http://192.168.31.115:8080] User-Agent:[Go-http-client/1.1]] 0xc0002614c0 <nil> 31 [] true 192.168.31.115:8080 map[password:[1234567] username:[test4]] map[password:[1234567] username:[test4]] <nil> map[] 192.168.31.115:59119 /api/user/login <nil> <nil> <nil> 0xc000261500}
2022/05/06 auth.go:51: Process Cost Time : 49.144µs
2022/05/06 auth.go:50: &{POST /api/user/login HTTP/1.1 1 1 map[Accept:[application/json,test/plain,*/*] Accept-Encoding:[gzip] Accept-Language:[en-us] Ccept-Encoding:[gzip, deflate] Connection:[close] Content-Length:[31] Content-Type:[application/x-www-form-urlencoded; charset=utf-8; application/json] Origin:[http://localhost:8080] User-Agent:[Go-http-client/1.1]] 0xc000261080 <nil> 31 [] true localhost:8080 map[password:[1234567] username:[test4]] map[password:[1234567] username:[test4]] <nil> map[] [::1]:60396 /api/user/login <nil> <nil> <nil> 0xc0002610c0}
2022/05/06 auth.go:51: Process Cost Time : 68.401µs
2022/05/06 auth.go:50: &{POST /api/user/login HTTP/1.1 1 1 map[Accept:[application/json,test/plain,*/*] Accept-Encoding:[gzip] Accept-Language:[en-us] Ccept-Encoding:[gzip, deflate] Connection:[close keep-alive] Content-Length:[31] Content-Type:[application/x-www-form-urlencoded; charset=utf-8; application/json] Origin:[http://localhost:8080] User-Agent:[Go-http-client/1.1]] 0xc000460200 <nil> 31 [] true localhost:8080 map[password:[1234567] username:[test4]] map[password:[1234567] username:[test4]] <nil> map[] [::1]:60744 /api/user/login <nil> <nil> <nil> 0xc000460240}
2022/05/06 auth.go:51: Process Cost Time : 47.015µs
2022/05/06 auth.go:50: &{POST /api/user/login HTTP/1.1 1 1 map[Accept:[application/json,test/plain,*/*] Accept-Encoding:[gzip, deflate] Accept-Language:[en-us] Connection:[close keep-alive] Content-Length:[31] Content-Type:[application/x-www-form-urlencoded; charset=utf-8; application/json] Origin:[http://localhost:8080] User-Agent:[Go-http-client/1.1]] 0xc0002614c0 <nil> 31 [] true localhost:8080 map[password:[1234567] username:[test4]] map[password:[1234567] username:[test4]] <nil> map[] [::1]:61285 /api/user/login <nil> <nil> <nil> 0xc000261500}
2022/05/06 auth.go:51: Process Cost Time : 49.641µs
2022/05/06 auth.go:50: &{GET /api/user/loginxx HTTP/1.1 1 1 map[Accept:[text/html,application/xhtml+xml,application/xml;q=0.9,*/*;q=0.8] Accept-Encoding:[gzip, deflate] Accept-Language:[en-us] Connection:[keep-alive] Upgrade-Insecure-Requests:[1] User-Agent:[Mozilla/5.0 (Macintosh; Intel Mac OS X 10_15_6) AppleWebKit/605.1.15 (KHTML, like Gecko) Version/14.0 Safari/605.1.15]] {} <nil> 0 [] false localhost:8080 map[] map[] <nil> map[] [::1]:63218 /api/user/loginxx <nil> <nil> <nil> 0xc000261140}
2022/05/06 auth.go:51: Process Cost Time : 2.749699ms
2022/05/06 auth.go:50: &{GET /api/user/assets/css/main.css HTTP/1.1 1 1 map[Accept:[text/css,*/*;q=0.1] Accept-Encoding:[gzip, deflate] Accept-Language:[en-us] Connection:[keep-alive] Referer:[http://localhost:8080/api/user/loginxx] User-Agent:[Mozilla/5.0 (Macintosh; Intel Mac OS X 10_15_6) AppleWebKit/605.1.15 (KHTML, like Gecko) Version/14.0 Safari/605.1.15]] {} <nil> 0 [] false localhost:8080 map[] map[] <nil> map[] [::1]:63213 /api/user/assets/css/main.css <nil> <nil> <nil> 0xc0005201c0}
2022/05/06 auth.go:51: Process Cost Time : 659.052µs
2022/05/06 auth.go:50: &{GET /api/index HTTP/1.1 1 1 map[Accept:[text/html,application/xhtml+xml,application/xml;q=0.9,*/*;q=0.8] Accept-Encoding:[gzip, deflate] Accept-Language:[en-us] Connection:[keep-alive] Referer:[http://localhost:8080/api/user/loginxx] Upgrade-Insecure-Requests:[1] User-Agent:[Mozilla/5.0 (Macintosh; Intel Mac OS X 10_15_6) AppleWebKit/605.1.15 (KHTML, like Gecko) Version/14.0 Safari/605.1.15]] {} <nil> 0 [] false localhost:8080 map[] map[] <nil> map[] [::1]:63213 /api/index <nil> <nil> <nil> 0xc000520680}
2022/05/06 auth.go:51: Process Cost Time : 505.012µs
2022/05/06 auth.go:50: &{POST /api/user/login HTTP/1.1 1 1 map[Accept:[text/html,application/xhtml+xml,application/xml;q=0.9,*/*;q=0.8] Accept-Encoding:[gzip, deflate] Accept-Language:[en-us] Connection:[keep-alive] Content-Length:[31] Content-Type:[application/x-www-form-urlencoded] Origin:[http://localhost:8080] Referer:[http://localhost:8080/api/index] Upgrade-Insecure-Requests:[1] User-Agent:[Mozilla/5.0 (Macintosh; Intel Mac OS X 10_15_6) AppleWebKit/605.1.15 (KHTML, like Gecko) Version/14.0 Safari/605.1.15]] 0xc000520980 <nil> 31 [] false localhost:8080 map[password:[1234567] username:[test4]] map[password:[1234567] username:[test4]] <nil> map[] [::1]:63213 /api/user/login <nil> <nil> <nil> 0xc0005209c0}
2022/05/06 auth.go:51: Process Cost Time : 11.858692ms
2022/05/06 auth.go:50: &{POST /api/user/login HTTP/1.1 1 1 map[Accept-Encoding:[gzip, deflate] Accept-Language:[en-us] Connection:[close] Content-Length:[31] Content-Type:[application/x-www-form-urlencoded; charset=utf-8; application/json] Origin:[http://localhost:8080] User-Agent:[Go-http-client/1.1]] 0xc000261140 <nil> 31 [] true localhost:8080 map[password:[1234567] username:[test4]] map[password:[1234567] username:[test4]] <nil> map[] [::1]:63953 /api/user/login <nil> <nil> <nil> 0xc0002611c0}
2022/05/06 auth.go:51: Process Cost Time : 92.555µs
2022/05/06 auth.go:50: &{POST /api/user/login HTTP/1.1 1 1 map[Accept-Encoding:[gzip] Connection:[close] Content-Length:[31] Content-Type:[application/x-www-form-urlencoded; charset=utf-8; application/json&Accept-Encoding:gzip, deflate&Origin:http://localhost:8080&Accept-Language:en-us] User-Agent:[Go-http-client/1.1]] 0xc000261040 <nil> 31 [] true localhost:8080 map[password:[1234567] username:[test4]] map[password:[1234567] username:[test4]] <nil> map[] [::1]:64444 /api/user/login <nil> <nil> <nil> 0xc0002610c0}
2022/05/06 auth.go:51: Process Cost Time : 48.077µs
2022/05/06 auth.go:50: &{POST /api/user/login HTTP/1.1 1 1 map[Accept-Encoding:[gzip, deflate] Accept-Language:[en-us] Connection:[close] Content-Length:[31] Content-Type:[application/x-www-form-urlencoded; charset=utf-8; application/json] Origin:[http://localhost:8080] User-Agent:[Go-http-client/1.1]] 0xc0002615c0 <nil> 31 [] true localhost:8080 map[password:[1234567] username:[test4]] map[password:[1234567] username:[test4]] <nil> map[] [::1]:65033 /api/user/login <nil> <nil> <nil> 0xc000261600}
2022/05/06 auth.go:51: Process Cost Time : 62.829µs
2022/05/06 auth.go:50: &{POST /api/user/login HTTP/1.1 1 1 map[Accept-Encoding:[gzip, deflate] Accept-Language:[en-us] Connection:[close] Content-Length:[31] Content-Type:[application/x-www-form-urlencoded; charset=utf-8; application/json] Origin:[http://localhost:8080] User-Agent:[Go-http-client/1.1]] 0xc000261080 <nil> 31 [] true localhost:8080 map[password:[1234567] username:[test4]] map[password:[1234567] username:[test4]] <nil> map[] [::1]:49157 /api/user/login <nil> <nil> <nil> 0xc0002610c0}
2022/05/06 auth.go:51: Process Cost Time : 47.266µs
2022/05/06 main.go:51: ShutDown Server...
2022/05/06 main.go:59: Server Existing
2022/05/06 main.go:39: Starting HTTP Server , Listening :8080 ... 
2022/05/06 user.go:29: Login param { }
2022/05/06 auth.go:50: &{POST /api/user/login HTTP/1.1 1 1 map[Accept-Encoding:[gzip, deflate] Accept-Language:[en-us] Connection:[close] Content-Length:[31] Content-Type:[application/x-www-form-urlencoded; charset=utf-8; application/json] Origin:[http://localhost:8080] User-Agent:[Go-http-client/1.1]] 0xc0000c3d80 <nil> 31 [] true localhost:8080 map[password:[1234567] username:[test4]] map[password:[1234567] username:[test4]] <nil> map[] [::1]:50115 /api/user/login <nil> <nil> <nil> 0xc0000c3dc0}
2022/05/06 auth.go:51: Process Cost Time : 117.291µs
2022/05/06 main.go:51: ShutDown Server...
2022/05/06 main.go:59: Server Existing
2022/05/06 main.go:39: Starting HTTP Server , Listening :8080 ... 
2022/05/06 user.go:29: Login param { }
2022/05/06 auth.go:50: &{POST /api/user/login HTTP/1.1 1 1 map[Accept-Encoding:[gzip, deflate] Accept-Language:[en-us] Connection:[close] Content-Length:[31] Content-Type:[application/x-www-form-urlencoded; charset=utf-8; application/json] Origin:[http://localhost:8080] User-Agent:[Go-http-client/1.1]] 0xc000321240 <nil> 31 [] true localhost:8080 map[password:[1234567] username:[test4]] map[password:[1234567] username:[test4]] <nil> map[] [::1]:50954 /api/user/login <nil> <nil> <nil> 0xc000321280}
2022/05/06 auth.go:51: Process Cost Time : 136.965µs
2022/05/06 user.go:29: Login param { }
2022/05/06 auth.go:50: &{POST /api/user/login HTTP/1.1 1 1 map[Accept-Encoding:[gzip, deflate] Accept-Language:[en-us] Connection:[close] Content-Length:[31] Content-Type:[application/x-www-form-urlencoded; charset=utf-8; application/json; application/x-www-form-urlencoded] Origin:[http://localhost:8080] User-Agent:[Go-http-client/1.1]] 0xc0003213c0 <nil> 31 [] true localhost:8080 map[password:[1234567] username:[test4]] map[password:[1234567] username:[test4]] <nil> map[] [::1]:51345 /api/user/login <nil> <nil> <nil> 0xc000321400}
2022/05/06 auth.go:51: Process Cost Time : 218.609µs
2022/05/06 main.go:51: ShutDown Server...
2022/05/06 main.go:59: Server Existing
2022/05/06 main.go:39: Starting HTTP Server , Listening :8080 ... 
2022/05/06 user.go:29: Login param { }
2022/05/06 auth.go:50: Request: &{POST /api/user/login HTTP/1.1 1 1 map[Accept-Encoding:[gzip, deflate] Accept-Language:[en-us] Connection:[close] Content-Length:[31] Content-Type:[application/x-www-form-urlencoded; charset=utf-8; application/json] Origin:[http://localhost:8080] User-Agent:[Go-http-client/1.1]] 0xc0005ba300 <nil> 31 [] true localhost:8080 map[password:[1234567] username:[test4]] map[password:[1234567] username:[test4]] <nil> map[] [::1]:52452 /api/user/login <nil> <nil> <nil> 0xc0005ba340}
2022/05/06 auth.go:51: Params : []
2022/05/06 auth.go:52: Process Cost Time : 124.212µs
2022/05/06 auth.go:50: Request: &{GET /api/user/loginxx HTTP/1.1 1 1 map[Accept:[text/html,application/xhtml+xml,application/xml;q=0.9,*/*;q=0.8] Accept-Encoding:[gzip, deflate] Accept-Language:[en-us] Connection:[keep-alive] Upgrade-Insecure-Requests:[1] User-Agent:[Mozilla/5.0 (Macintosh; Intel Mac OS X 10_15_6) AppleWebKit/605.1.15 (KHTML, like Gecko) Version/14.0 Safari/605.1.15]] {} <nil> 0 [] false localhost:8080 map[] map[] <nil> map[] [::1]:52679 /api/user/loginxx <nil> <nil> <nil> 0xc0005ba540}
2022/05/06 auth.go:51: Params : []
2022/05/06 auth.go:52: Process Cost Time : 951.013µs
2022/05/06 auth.go:50: Request: &{GET /api/user/assets/css/main.css HTTP/1.1 1 1 map[Accept:[text/css,*/*;q=0.1] Accept-Encoding:[gzip, deflate] Accept-Language:[en-us] Connection:[keep-alive] Referer:[http://localhost:8080/api/user/loginxx] User-Agent:[Mozilla/5.0 (Macintosh; Intel Mac OS X 10_15_6) AppleWebKit/605.1.15 (KHTML, like Gecko) Version/14.0 Safari/605.1.15]] {} <nil> 0 [] false localhost:8080 map[] map[] <nil> map[] [::1]:52678 /api/user/assets/css/main.css <nil> <nil> <nil> 0xc00072e380}
2022/05/06 auth.go:51: Params : []
2022/05/06 auth.go:52: Process Cost Time : 960.895µs
2022/05/06 auth.go:50: Request: &{GET /api/index HTTP/1.1 1 1 map[Accept:[text/html,application/xhtml+xml,application/xml;q=0.9,*/*;q=0.8] Accept-Encoding:[gzip, deflate] Accept-Language:[en-us] Connection:[keep-alive] Referer:[http://localhost:8080/api/user/loginxx] Upgrade-Insecure-Requests:[1] User-Agent:[Mozilla/5.0 (Macintosh; Intel Mac OS X 10_15_6) AppleWebKit/605.1.15 (KHTML, like Gecko) Version/14.0 Safari/605.1.15]] {} <nil> 0 [] false localhost:8080 map[] map[] <nil> map[] [::1]:52678 /api/index <nil> <nil> <nil> 0xc00004ca00}
2022/05/06 auth.go:51: Params : []
2022/05/06 auth.go:52: Process Cost Time : 574.187µs
2022/05/06 user.go:29: Login param {test4 1234567}
2022/05/06 auth.go:50: Request: &{POST /api/user/login HTTP/1.1 1 1 map[Accept:[text/html,application/xhtml+xml,application/xml;q=0.9,*/*;q=0.8] Accept-Encoding:[gzip, deflate] Accept-Language:[en-us] Connection:[keep-alive] Content-Length:[31] Content-Type:[application/x-www-form-urlencoded] Origin:[http://localhost:8080] Referer:[http://localhost:8080/api/index] Upgrade-Insecure-Requests:[1] User-Agent:[Mozilla/5.0 (Macintosh; Intel Mac OS X 10_15_6) AppleWebKit/605.1.15 (KHTML, like Gecko) Version/14.0 Safari/605.1.15]] 0xc00072e000 <nil> 31 [] false localhost:8080 map[password:[1234567] username:[test4]] map[password:[1234567] username:[test4]] <nil> map[] [::1]:52678 /api/user/login <nil> <nil> <nil> 0xc00072e040}
2022/05/06 auth.go:51: Params : []
2022/05/06 auth.go:52: Process Cost Time : 52.409611ms
2022/05/06 user.go:29: Login param { }
2022/05/06 auth.go:50: Request: &{POST /api/user/login HTTP/1.1 1 1 map[Accept-Encoding:[gzip, deflate] Accept-Language:[en-us] Connection:[close] Content-Length:[0] Content-Type:[application/json] Origin:[http://localhost:8080] User-Agent:[Go-http-client/1.1]] {} <nil> 0 [] true localhost:8080 map[] map[] <nil> map[] [::1]:53679 /api/user/login <nil> <nil> <nil> 0xc00012e080}
2022/05/06 auth.go:51: Params : []
2022/05/06 auth.go:52: Process Cost Time : 134.469µs
2022/05/06 user.go:29: Login param { }
2022/05/06 auth.go:50: Request: &{POST /api/user/login HTTP/1.1 1 1 map[Accept-Encoding:[gzip, deflate] Accept-Language:[en-us] Connection:[close] Content-Length:[0] Content-Type:[application/json] Origin:[http://localhost:8080] User-Agent:[Go-http-client/1.1]] {} <nil> 0 [] true localhost:8080 map[] map[] <nil> map[] [::1]:54325 /api/user/login <nil> <nil> <nil> 0xc00012e1c0}
2022/05/06 auth.go:51: Params : []
2022/05/06 auth.go:52: Process Cost Time : 120.098µs
2022/05/06 main.go:51: ShutDown Server...
2022/05/06 main.go:59: Server Existing
2022/05/06 main.go:39: Starting HTTP Server , Listening :8080 ... 
2022/05/06 user.go:32: Login param { }
2022/05/06 user.go:41: rpc error: code = Unknown desc = record not found
2022/05/06 auth.go:50: Request: &{POST /api/user/login HTTP/1.1 1 1 map[Accept-Encoding:[gzip, deflate] Accept-Language:[en-us] Connection:[close] Content-Length:[0] Content-Type:[application/json] Origin:[http://localhost:8080] User-Agent:[Go-http-client/1.1]] {} <nil> 0 [] true localhost:8080 map[] map[] <nil> map[] [::1]:54816 /api/user/login <nil> <nil> <nil> 0xc0000fcb00}
2022/05/06 auth.go:51: Params : []
2022/05/06 auth.go:52: Process Cost Time : 9.222622ms
2022/05/06 main.go:51: ShutDown Server...
2022/05/06 main.go:59: Server Existing
2022/05/06 main.go:39: Starting HTTP Server , Listening :8080 ... 
2022/05/06 user.go:32: username param 
2022/05/06 user.go:33: password param 
2022/05/06 user.go:35: Login param { }
2022/05/06 user.go:44: rpc error: code = Unknown desc = record not found
2022/05/06 auth.go:50: Request: &{POST /api/user/login HTTP/1.1 1 1 map[Accept-Encoding:[gzip, deflate] Accept-Language:[en-us] Connection:[close] Content-Length:[0] Content-Type:[application/json] Origin:[http://localhost:8080] User-Agent:[Go-http-client/1.1]] {} <nil> 0 [] true localhost:8080 map[] map[] <nil> map[] [::1]:55454 /api/user/login <nil> <nil> <nil> 0xc00048d280}
2022/05/06 auth.go:51: Params : []
2022/05/06 auth.go:52: Process Cost Time : 4.315132ms
2022/05/06 main.go:51: ShutDown Server...
2022/05/06 main.go:59: Server Existing
2022/05/06 main.go:39: Starting HTTP Server , Listening :8080 ... 
2022/05/06 user.go:34: map map[]
2022/05/06 user.go:45: rpc error: code = Unknown desc = record not found
2022/05/06 auth.go:50: Request: &{POST /api/user/login HTTP/1.1 1 1 map[Accept-Encoding:[gzip, deflate] Accept-Language:[en-us] Connection:[close] Content-Length:[0] Content-Type:[application/json] Origin:[http://localhost:8080] User-Agent:[Go-http-client/1.1]] {} <nil> 0 [] true localhost:8080 map[] map[] <nil> map[] [::1]:57890 /api/user/login <nil> <nil> <nil> 0xc0001647c0}
2022/05/06 auth.go:51: Params : []
2022/05/06 auth.go:52: Process Cost Time : 9.367251ms
2022/05/06 user.go:34: map map[]
2022/05/06 user.go:45: rpc error: code = Unknown desc = record not found
2022/05/06 auth.go:50: Request: &{POST /api/user/login HTTP/1.1 1 1 map[Accept-Encoding:[gzip, deflate] Accept-Language:[en-us] Connection:[close] Content-Length:[31] Content-Type:[application/x-www-form-urlencoded; charset=utf-8; application/json] Origin:[http://localhost:8080] User-Agent:[Go-http-client/1.1]] 0xc0005380c0 <nil> 31 [] true localhost:8080 map[] map[] <nil> map[] [::1]:58856 /api/user/login <nil> <nil> <nil> 0xc000538100}
2022/05/06 auth.go:51: Params : []
2022/05/06 auth.go:52: Process Cost Time : 5.79325ms
2022/05/06 main.go:51: ShutDown Server...
2022/05/06 main.go:59: Server Existing
2022/05/06 main.go:39: Starting HTTP Server , Listening :8080 ... 
2022/05/06 auth.go:44: Before Request: &{POST /api/user/login HTTP/1.1 1 1 map[Accept-Encoding:[gzip, deflate] Accept-Language:[en-us] Connection:[close] Content-Length:[31] Content-Type:[application/x-www-form-urlencoded; charset=utf-8; application/json] Origin:[http://localhost:8080] User-Agent:[Go-http-client/1.1]] 0xc0003ce140 <nil> 31 [] true localhost:8080 map[] map[] <nil> map[] [::1]:59817 /api/user/login <nil> <nil> <nil> 0xc0003ce180}
2022/05/06 auth.go:45: Request.Body : &{0xc000126078 <nil> <nil> true true {0 0} false false false 0x12b9800}
2022/05/06 user.go:34: map map[]
2022/05/06 user.go:45: rpc error: code = Unknown desc = record not found
2022/05/06 auth.go:52: After Request: &{POST /api/user/login HTTP/1.1 1 1 map[Accept-Encoding:[gzip, deflate] Accept-Language:[en-us] Connection:[close] Content-Length:[31] Content-Type:[application/x-www-form-urlencoded; charset=utf-8; application/json] Origin:[http://localhost:8080] User-Agent:[Go-http-client/1.1]] 0xc0003ce140 <nil> 31 [] true localhost:8080 map[] map[] <nil> map[] [::1]:59817 /api/user/login <nil> <nil> <nil> 0xc0003ce180}
2022/05/06 auth.go:53: Process Cost Time : 11.826835ms
2022/05/06 main.go:51: ShutDown Server...
2022/05/06 main.go:59: Server Existing
2022/05/06 main.go:39: Starting HTTP Server , Listening :8080 ... 
2022/05/06 auth.go:44: Before Request: &{POST /api/user/login HTTP/1.1 1 1 map[Accept-Encoding:[gzip, deflate] Accept-Language:[en-us] Connection:[close] Content-Length:[31] Content-Type:[application/x-www-form-urlencoded; charset=utf-8; application/json] Origin:[http://localhost:8080] User-Agent:[Go-http-client/1.1]] 0xc000464600 <nil> 31 [] true localhost:8080 map[] map[] <nil> map[] [::1]:60306 /api/user/login <nil> <nil> <nil> 0xc000464640}
2022/05/06 auth.go:45: Request.Body : &{0xc0004d42e8 <nil> <nil> true true {0 0} false false false 0x12b9800}
2022/05/06 user.go:30: Login param { }
2022/05/06 auth.go:52: After Request: &{POST /api/user/login HTTP/1.1 1 1 map[Accept-Encoding:[gzip, deflate] Accept-Language:[en-us] Connection:[close] Content-Length:[31] Content-Type:[application/x-www-form-urlencoded; charset=utf-8; application/json] Origin:[http://localhost:8080] User-Agent:[Go-http-client/1.1]] 0xc000464600 <nil> 31 [] true localhost:8080 map[password:[1234567] username:[test4]] map[password:[1234567] username:[test4]] <nil> map[] [::1]:60306 /api/user/login <nil> <nil> <nil> 0xc000464640}
2022/05/06 auth.go:53: Process Cost Time : 77.959µs
2022/05/06 auth.go:44: Before Request: &{GET /api/user/loginxx HTTP/1.1 1 1 map[Accept:[text/html,application/xhtml+xml,application/xml;q=0.9,*/*;q=0.8] Accept-Encoding:[gzip, deflate] Accept-Language:[en-us] Connection:[keep-alive] Upgrade-Insecure-Requests:[1] User-Agent:[Mozilla/5.0 (Macintosh; Intel Mac OS X 10_15_6) AppleWebKit/605.1.15 (KHTML, like Gecko) Version/14.0 Safari/605.1.15]] {} <nil> 0 [] false localhost:8080 map[] map[] <nil> map[] [::1]:62567 /api/user/loginxx <nil> <nil> <nil> 0xc00051e180}
2022/05/06 auth.go:45: Request.Body : {}
2022/05/06 auth.go:52: After Request: &{GET /api/user/loginxx HTTP/1.1 1 1 map[Accept:[text/html,application/xhtml+xml,application/xml;q=0.9,*/*;q=0.8] Accept-Encoding:[gzip, deflate] Accept-Language:[en-us] Connection:[keep-alive] Upgrade-Insecure-Requests:[1] User-Agent:[Mozilla/5.0 (Macintosh; Intel Mac OS X 10_15_6) AppleWebKit/605.1.15 (KHTML, like Gecko) Version/14.0 Safari/605.1.15]] {} <nil> 0 [] false localhost:8080 map[] map[] <nil> map[] [::1]:62567 /api/user/loginxx <nil> <nil> <nil> 0xc00051e180}
2022/05/06 auth.go:53: Process Cost Time : 1.618182ms
2022/05/06 auth.go:44: Before Request: &{GET /api/user/assets/css/main.css HTTP/1.1 1 1 map[Accept:[text/css,*/*;q=0.1] Accept-Encoding:[gzip, deflate] Accept-Language:[en-us] Connection:[keep-alive] Referer:[http://localhost:8080/api/user/loginxx] User-Agent:[Mozilla/5.0 (Macintosh; Intel Mac OS X 10_15_6) AppleWebKit/605.1.15 (KHTML, like Gecko) Version/14.0 Safari/605.1.15]] {} <nil> 0 [] false localhost:8080 map[] map[] <nil> map[] [::1]:62562 /api/user/assets/css/main.css <nil> <nil> <nil> 0xc00051e580}
2022/05/06 auth.go:45: Request.Body : {}
2022/05/06 auth.go:52: After Request: &{GET /api/user/assets/css/main.css HTTP/1.1 1 1 map[Accept:[text/css,*/*;q=0.1] Accept-Encoding:[gzip, deflate] Accept-Language:[en-us] Connection:[keep-alive] Referer:[http://localhost:8080/api/user/loginxx] User-Agent:[Mozilla/5.0 (Macintosh; Intel Mac OS X 10_15_6) AppleWebKit/605.1.15 (KHTML, like Gecko) Version/14.0 Safari/605.1.15]] {} <nil> 0 [] false localhost:8080 map[] map[] <nil> map[] [::1]:62562 /api/user/assets/css/main.css <nil> <nil> <nil> 0xc00051e580}
2022/05/06 auth.go:53: Process Cost Time : 641.343µs
2022/05/06 auth.go:44: Before Request: &{GET /api/user/assets/js/jquery.min.js HTTP/1.1 1 1 map[Accept:[*/*] Accept-Encoding:[gzip, deflate] Accept-Language:[en-us] Connection:[keep-alive] Referer:[http://localhost:8080/api/user/loginxx] User-Agent:[Mozilla/5.0 (Macintosh; Intel Mac OS X 10_15_6) AppleWebKit/605.1.15 (KHTML, like Gecko) Version/14.0 Safari/605.1.15]] {} <nil> 0 [] false localhost:8080 map[] map[] <nil> map[] [::1]:62568 /api/user/assets/js/jquery.min.js <nil> <nil> <nil> 0xc000464380}
2022/05/06 auth.go:45: Request.Body : {}
2022/05/06 auth.go:44: Before Request: &{GET /api/user/assets/js/skel.min.js HTTP/1.1 1 1 map[Accept:[*/*] Accept-Encoding:[gzip, deflate] Accept-Language:[en-us] Connection:[keep-alive] Referer:[http://localhost:8080/api/user/loginxx] User-Agent:[Mozilla/5.0 (Macintosh; Intel Mac OS X 10_15_6) AppleWebKit/605.1.15 (KHTML, like Gecko) Version/14.0 Safari/605.1.15]] {} <nil> 0 [] false localhost:8080 map[] map[] <nil> map[] [::1]:62569 /api/user/assets/js/skel.min.js <nil> <nil> <nil> 0xc000326240}
2022/05/06 auth.go:45: Request.Body : {}
2022/05/06 auth.go:44: Before Request: &{GET /api/user/assets/js/util.js HTTP/1.1 1 1 map[Accept:[*/*] Accept-Encoding:[gzip, deflate] Accept-Language:[en-us] Connection:[keep-alive] Referer:[http://localhost:8080/api/user/loginxx] User-Agent:[Mozilla/5.0 (Macintosh; Intel Mac OS X 10_15_6) AppleWebKit/605.1.15 (KHTML, like Gecko) Version/14.0 Safari/605.1.15]] {} <nil> 0 [] false localhost:8080 map[] map[] <nil> map[] [::1]:62570 /api/user/assets/js/util.js <nil> <nil> <nil> 0xc00051e840}
2022/05/06 auth.go:45: Request.Body : {}
2022/05/06 auth.go:44: Before Request: &{GET /api/user/assets/js/main.js HTTP/1.1 1 1 map[Accept:[*/*] Accept-Encoding:[gzip, deflate] Accept-Language:[en-us] Connection:[keep-alive] Referer:[http://localhost:8080/api/user/loginxx] User-Agent:[Mozilla/5.0 (Macintosh; Intel Mac OS X 10_15_6) AppleWebKit/605.1.15 (KHTML, like Gecko) Version/14.0 Safari/605.1.15]] {} <nil> 0 [] false localhost:8080 map[] map[] <nil> map[] [::1]:62571 /api/user/assets/js/main.js <nil> <nil> <nil> 0xc00004c040}
2022/05/06 auth.go:45: Request.Body : {}
2022/05/06 auth.go:44: Before Request: &{GET /api/index HTTP/1.1 1 1 map[Accept:[text/html,application/xhtml+xml,application/xml;q=0.9,*/*;q=0.8] Accept-Encoding:[gzip, deflate] Accept-Language:[en-us] Connection:[keep-alive] Referer:[http://localhost:8080/api/user/loginxx] Upgrade-Insecure-Requests:[1] User-Agent:[Mozilla/5.0 (Macintosh; Intel Mac OS X 10_15_6) AppleWebKit/605.1.15 (KHTML, like Gecko) Version/14.0 Safari/605.1.15]] {} <nil> 0 [] false localhost:8080 map[] map[] <nil> map[] [::1]:62562 /api/index <nil> <nil> <nil> 0xc0002600c0}
2022/05/06 auth.go:45: Request.Body : {}
2022/05/06 auth.go:52: After Request: &{GET /api/index HTTP/1.1 1 1 map[Accept:[text/html,application/xhtml+xml,application/xml;q=0.9,*/*;q=0.8] Accept-Encoding:[gzip, deflate] Accept-Language:[en-us] Connection:[keep-alive] Referer:[http://localhost:8080/api/user/loginxx] Upgrade-Insecure-Requests:[1] User-Agent:[Mozilla/5.0 (Macintosh; Intel Mac OS X 10_15_6) AppleWebKit/605.1.15 (KHTML, like Gecko) Version/14.0 Safari/605.1.15]] {} <nil> 0 [] false localhost:8080 map[] map[] <nil> map[] [::1]:62562 /api/index <nil> <nil> <nil> 0xc0002600c0}
2022/05/06 auth.go:53: Process Cost Time : 611.817µs
2022/05/06 auth.go:44: Before Request: &{POST /api/user/login HTTP/1.1 1 1 map[Accept:[text/html,application/xhtml+xml,application/xml;q=0.9,*/*;q=0.8] Accept-Encoding:[gzip, deflate] Accept-Language:[en-us] Connection:[keep-alive] Content-Length:[31] Content-Type:[application/x-www-form-urlencoded] Origin:[http://localhost:8080] Referer:[http://localhost:8080/api/index] Upgrade-Insecure-Requests:[1] User-Agent:[Mozilla/5.0 (Macintosh; Intel Mac OS X 10_15_6) AppleWebKit/605.1.15 (KHTML, like Gecko) Version/14.0 Safari/605.1.15]] 0xc000261600 <nil> 31 [] false localhost:8080 map[] map[] <nil> map[] [::1]:62562 /api/user/login <nil> <nil> <nil> 0xc000261640}
2022/05/06 auth.go:45: Request.Body : &{0xc0005b81f8 <nil> <nil> false true {0 0} false false false 0x12b9800}
2022/05/06 user.go:30: Login param {test4 1234567}
2022/05/06 auth.go:52: After Request: &{POST /api/user/login HTTP/1.1 1 1 map[Accept:[text/html,application/xhtml+xml,application/xml;q=0.9,*/*;q=0.8] Accept-Encoding:[gzip, deflate] Accept-Language:[en-us] Connection:[keep-alive] Content-Length:[31] Content-Type:[application/x-www-form-urlencoded] Origin:[http://localhost:8080] Referer:[http://localhost:8080/api/index] Upgrade-Insecure-Requests:[1] User-Agent:[Mozilla/5.0 (Macintosh; Intel Mac OS X 10_15_6) AppleWebKit/605.1.15 (KHTML, like Gecko) Version/14.0 Safari/605.1.15]] 0xc000261600 <nil> 31 [] false localhost:8080 map[password:[1234567] username:[test4]] map[password:[1234567] username:[test4]] <nil> map[] [::1]:62562 /api/user/login <nil> <nil> <nil> 0xc000261640}
2022/05/06 auth.go:53: Process Cost Time : 84.844557ms
2022/05/06 auth.go:44: Before Request: &{POST /api/user/login HTTP/1.1 1 1 map[Accept-Encoding:[gzip, deflate] Accept-Language:[en-us] Connection:[close] Content-Length:[31] Content-Type:[application/x-www-form-urlencoded; charset=utf-8; application/json] Origin:[http://localhost:8080] User-Agent:[Go-http-client/1.1]] 0xc00051e240 <nil> 31 [] true localhost:8080 map[] map[] <nil> map[] [::1]:63399 /api/user/login <nil> <nil> <nil> 0xc00051e280}
2022/05/06 auth.go:45: Request.Body : &{0xc00000e258 <nil> <nil> true true {0 0} false false false 0x12b9800}
2022/05/06 user.go:30: Login param { }
2022/05/06 auth.go:52: After Request: &{POST /api/user/login HTTP/1.1 1 1 map[Accept-Encoding:[gzip, deflate] Accept-Language:[en-us] Connection:[close] Content-Length:[31] Content-Type:[application/x-www-form-urlencoded; charset=utf-8; application/json] Origin:[http://localhost:8080] User-Agent:[Go-http-client/1.1]] 0xc00051e240 <nil> 31 [] true localhost:8080 map[password:[1234567] username:[test4]] map[password:[1234567] username:[test4]] <nil> map[] [::1]:63399 /api/user/login <nil> <nil> <nil> 0xc00051e280}
2022/05/06 auth.go:53: Process Cost Time : 287.31µs
2022/05/06 auth.go:44: Before Request: &{POST /api/user/login HTTP/1.1 1 1 map[Accept-Encoding:[gzip, deflate] Accept-Language:[en-us] Connection:[close] Content-Length:[31] Content-Type:[application/x-www-form-urlencoded; charset=utf-8; application/json] Origin:[http://localhost:8080] User-Agent:[Go-http-client/1.1]] 0xc00004c880 <nil> 31 [] true localhost:8080 map[] map[] <nil> map[] [::1]:63907 /api/user/login <nil> <nil> <nil> 0xc00004c8c0}
2022/05/06 auth.go:45: Request.Body : &{0xc00061a000 <nil> <nil> true true {0 0} false false false 0x12b9800}
2022/05/06 user.go:30: Login param { }
2022/05/06 auth.go:52: After Request: &{POST /api/user/login HTTP/1.1 1 1 map[Accept-Encoding:[gzip, deflate] Accept-Language:[en-us] Connection:[close] Content-Length:[31] Content-Type:[application/x-www-form-urlencoded; charset=utf-8; application/json] Origin:[http://localhost:8080] User-Agent:[Go-http-client/1.1]] 0xc00004c880 <nil> 31 [] true localhost:8080 map[password:[1234567] username:[test4]] map[password:[1234567] username:[test4]] <nil> map[] [::1]:63907 /api/user/login <nil> <nil> <nil> 0xc00004c8c0}
2022/05/06 auth.go:53: Process Cost Time : 166.113µs
2022/05/06 main.go:51: ShutDown Server...
2022/05/06 main.go:59: Server Existing
2022/05/06 main.go:39: Starting HTTP Server , Listening :8080 ... 
2022/05/06 auth.go:44: Before Request: &{POST /api/user/login HTTP/1.1 1 1 map[Accept-Encoding:[gzip, deflate] Accept-Language:[en-us] Connection:[close] Content-Length:[31] Content-Type:[application/x-www-form-urlencoded; charset=utf-8; application/json] Origin:[http://localhost:8080] User-Agent:[Go-http-client/1.1]] 0xc000110600 <nil> 31 [] true localhost:8080 map[] map[] <nil> map[] [::1]:64040 /api/user/login <nil> <nil> <nil> 0xc000110640}
2022/05/06 auth.go:45: Request.Body : &{0xc0000aa108 <nil> <nil> true true {0 0} false false false 0x12b9800}
2022/05/06 user.go:30: Login param { }
2022/05/06 auth.go:52: After Request: &{POST /api/user/login HTTP/1.1 1 1 map[Accept-Encoding:[gzip, deflate] Accept-Language:[en-us] Connection:[close] Content-Length:[31] Content-Type:[application/x-www-form-urlencoded; charset=utf-8; application/json] Origin:[http://localhost:8080] User-Agent:[Go-http-client/1.1]] 0xc000110600 <nil> 31 [] true localhost:8080 map[password:[1234567] username:[test4]] map[password:[1234567] username:[test4]] <nil> map[] [::1]:64040 /api/user/login <nil> <nil> <nil> 0xc000110640}
2022/05/06 auth.go:53: Process Cost Time : 88.175µs
2022/05/06 auth.go:44: Before Request: &{POST /api/user/login?username=test4&password=1234567 HTTP/1.1 1 1 map[Accept:[*/*] Accept-Encoding:[gzip, deflate] Accept-Language:[en-us] Content-Type:[application/json] Origin:[http://localhost:8080] User-Agent:[curl/7.64.1]] {} <nil> 0 [] false localhost:8080 map[] map[] <nil> map[] [::1]:49937 /api/user/login?username=test4&password=1234567 <nil> <nil> <nil> 0xc00004c100}
2022/05/06 auth.go:45: Request.Body : {}
2022/05/06 user.go:30: Login param { }
2022/05/06 auth.go:52: After Request: &{POST /api/user/login?username=test4&password=1234567 HTTP/1.1 1 1 map[Accept:[*/*] Accept-Encoding:[gzip, deflate] Accept-Language:[en-us] Content-Type:[application/json] Origin:[http://localhost:8080] User-Agent:[curl/7.64.1]] {} <nil> 0 [] false localhost:8080 map[] map[] <nil> map[] [::1]:49937 /api/user/login?username=test4&password=1234567 <nil> <nil> <nil> 0xc00004c100}
2022/05/06 auth.go:53: Process Cost Time : 47.579µs
2022/05/06 auth.go:44: Before Request: &{GET /api/user/login?username=test4&password=1234567 HTTP/1.1 1 1 map[Accept-Encoding:[gzip, deflate] Accept-Language:[en-us] Connection:[close] Content-Type:[application/json] Origin:[http://localhost:8080] User-Agent:[Go-http-client/1.1]] {} <nil> 0 [] true localhost:8080 map[] map[] <nil> map[] [::1]:50169 /api/user/login?username=test4&password=1234567 <nil> <nil> <nil> 0xc00004c1c0}
2022/05/06 auth.go:45: Request.Body : {}
2022/05/06 auth.go:52: After Request: &{GET /api/user/login?username=test4&password=1234567 HTTP/1.1 1 1 map[Accept-Encoding:[gzip, deflate] Accept-Language:[en-us] Connection:[close] Content-Type:[application/json] Origin:[http://localhost:8080] User-Agent:[Go-http-client/1.1]] {} <nil> 0 [] true localhost:8080 map[] map[] <nil> map[] [::1]:50169 /api/user/login?username=test4&password=1234567 <nil> <nil> <nil> 0xc00004c1c0}
2022/05/06 auth.go:53: Process Cost Time : 1.683401ms
2022/05/06 auth.go:44: Before Request: &{POST /api/user/login HTTP/1.1 1 1 map[Accept-Encoding:[gzip, deflate] Accept-Language:[en-us] Connection:[close] Content-Length:[31] Content-Type:[application/json] Origin:[http://localhost:8080] User-Agent:[Go-http-client/1.1]] 0xc00004c100 <nil> 31 [] true localhost:8080 map[] map[] <nil> map[] [::1]:50989 /api/user/login <nil> <nil> <nil> 0xc00004c140}
2022/05/06 auth.go:45: Request.Body : &{0xc000198060 <nil> <nil> true true {0 0} false false false 0x12b9800}
2022/05/06 user.go:30: Login param { }
2022/05/06 auth.go:52: After Request: &{POST /api/user/login HTTP/1.1 1 1 map[Accept-Encoding:[gzip, deflate] Accept-Language:[en-us] Connection:[close] Content-Length:[31] Content-Type:[application/json] Origin:[http://localhost:8080] User-Agent:[Go-http-client/1.1]] 0xc00004c100 <nil> 31 [] true localhost:8080 map[] map[] <nil> map[] [::1]:50989 /api/user/login <nil> <nil> <nil> 0xc00004c140}
2022/05/06 auth.go:53: Process Cost Time : 43.154µs
2022/05/06 auth.go:44: Before Request: &{POST /api/user/login HTTP/1.1 1 1 map[Accept-Encoding:[gzip, deflate] Accept-Language:[en-us] Connection:[close] Content-Length:[31] Content-Type:[application/json] Origin:[http://localhost:8080] User-Agent:[Go-http-client/1.1]] 0xc000796000 <nil> 31 [] true localhost:8080 map[] map[] <nil> map[] [::1]:51771 /api/user/login <nil> <nil> <nil> 0xc000796040}
2022/05/06 auth.go:45: Request.Body : &{0xc000198168 <nil> <nil> true true {0 0} false false false 0x12b9800}
2022/05/06 user.go:30: Login param { }
2022/05/06 auth.go:52: After Request: &{POST /api/user/login HTTP/1.1 1 1 map[Accept-Encoding:[gzip, deflate] Accept-Language:[en-us] Connection:[close] Content-Length:[31] Content-Type:[application/json] Origin:[http://localhost:8080] User-Agent:[Go-http-client/1.1]] 0xc000796000 <nil> 31 [] true localhost:8080 map[] map[] <nil> map[] [::1]:51771 /api/user/login <nil> <nil> <nil> 0xc000796040}
2022/05/06 auth.go:53: Process Cost Time : 38.352µs
2022/05/06 auth.go:44: Before Request: &{POST /api/user/login HTTP/1.1 1 1 map[Accept:[text/html,application/xhtml+xml,application/xml;q=0.9,image/avif,image/webp,image/apng,*/*;q=0.8,application/signed-exchange;v=b3;q=0.9] Accept-Encoding:[gzip] Accept-Language:[zh-CN,zh;q=0.9,en;q=0.8] Cache-Control:[max-age=0] Connection:[close keep-alive] Content-Length:[31] Content-Type:[application/x-www-form-urlencoded] Cookie:[_lxsdk_cuid=1761e65afb6c8-0a5332a8efff16-18346153-13c680-1761e65afb6c8; _lxsdk=1761e65afb6c8-0a5332a8efff16-18346153-13c680-1761e65afb6c8; Idea-d82114bc=95219ce2-c359-40a4-a167-5a9b4a296b11; moaDeviceId=1651CF34E26C52D29911A79D6FC97EFD; webNewUuid=8f427f110df783ffe6025357be63e783_1649322370760; JSESSIONID=DC6189C2C18E86727D7F5EDB10BF6710] Origin:[http://localhost:8080] Referer:[http://localhost:8080/api/index] Sec-Ch-Ua:[" Not A;Brand";v="99", "Chromium";v="100", "Google Chrome";v="100"] Sec-Ch-Ua-Mobile:[?0] Sec-Ch-Ua-Platform:["macOS"] Sec-Fetch-Dest:[document] Sec-Fetch-Mode:[navigate] Sec-Fetch-Site:[same-origin] Sec-Fetch-User:[?1] Upgrade-Insecure-Requests:[1] User-Agent:[Mozilla/5.0 (Macintosh; Intel Mac OS X 10_15_6) AppleWebKit/537.36 (KHTML, like Gecko) Chrome/100.0.4896.75 Safari/537.36]] 0xc000796240 <nil> 31 [] true localhost:8080 map[] map[] <nil> map[] [::1]:52470 /api/user/login <nil> <nil> <nil> 0xc000796280}
2022/05/06 auth.go:45: Request.Body : &{0xc000198060 <nil> <nil> true true {0 0} false false false 0x12b9800}
2022/05/06 user.go:30: Login param {test4 1234567}
2022/05/06 auth.go:52: After Request: &{POST /api/user/login HTTP/1.1 1 1 map[Accept:[text/html,application/xhtml+xml,application/xml;q=0.9,image/avif,image/webp,image/apng,*/*;q=0.8,application/signed-exchange;v=b3;q=0.9] Accept-Encoding:[gzip] Accept-Language:[zh-CN,zh;q=0.9,en;q=0.8] Cache-Control:[max-age=0] Connection:[close keep-alive] Content-Length:[31] Content-Type:[application/x-www-form-urlencoded] Cookie:[_lxsdk_cuid=1761e65afb6c8-0a5332a8efff16-18346153-13c680-1761e65afb6c8; _lxsdk=1761e65afb6c8-0a5332a8efff16-18346153-13c680-1761e65afb6c8; Idea-d82114bc=95219ce2-c359-40a4-a167-5a9b4a296b11; moaDeviceId=1651CF34E26C52D29911A79D6FC97EFD; webNewUuid=8f427f110df783ffe6025357be63e783_1649322370760; JSESSIONID=DC6189C2C18E86727D7F5EDB10BF6710] Origin:[http://localhost:8080] Referer:[http://localhost:8080/api/index] Sec-Ch-Ua:[" Not A;Brand";v="99", "Chromium";v="100", "Google Chrome";v="100"] Sec-Ch-Ua-Mobile:[?0] Sec-Ch-Ua-Platform:["macOS"] Sec-Fetch-Dest:[document] Sec-Fetch-Mode:[navigate] Sec-Fetch-Site:[same-origin] Sec-Fetch-User:[?1] Upgrade-Insecure-Requests:[1] User-Agent:[Mozilla/5.0 (Macintosh; Intel Mac OS X 10_15_6) AppleWebKit/537.36 (KHTML, like Gecko) Chrome/100.0.4896.75 Safari/537.36]] 0xc000796240 <nil> 31 [] true localhost:8080 map[password:[1234567] username:[test4]] map[password:[1234567] username:[test4]] <nil> map[] [::1]:52470 /api/user/login <nil> <nil> <nil> 0xc000796280}
2022/05/06 auth.go:53: Process Cost Time : 9.016963ms
2022/05/06 main.go:51: ShutDown Server...
2022/05/06 main.go:59: Server Existing
2022/05/06 main.go:39: Starting HTTP Server , Listening :8080 ... 
2022/05/06 main.go:51: ShutDown Server...
2022/05/06 main.go:59: Server Existing
2022/05/06 main.go:39: Starting HTTP Server , Listening :8080 ... 
2022/05/06 main.go:51: ShutDown Server...
2022/05/06 main.go:59: Server Existing
2022/05/06 main.go:40: Starting HTTP Server , Listening :8080 ... 
2022/05/06 main.go:40: Starting HTTP Server , Listening :8080 ... 
2022/05/06 main.go:40: Starting HTTP Server , Listening :8080 ... 
2022/05/06 main.go:40: Starting HTTP Server , Listening :8080 ... 
2022/05/06 main.go:40: Starting HTTP Server , Listening :8080 ... 
2022/05/06 main.go:40: Starting HTTP Server , Listening :8080 ... 
2022/05/06 main.go:40: Starting HTTP Server , Listening :8080 ... 
2022/05/06 main.go:40: Starting HTTP Server , Listening :8080 ... 
2022/05/06 main.go:40: Starting HTTP Server , Listening :8080 ... 
2022/05/06 main.go:40: Starting HTTP Server , Listening :8080 ... 
2022/05/06 main.go:44: Server ListenAndServe Fail listen tcp :8080: bind: address already in use
2022/05/06 main.go:39: Starting HTTP Server , Listening :8080 ... 
2022/05/06 main.go:51: ShutDown Server...
2022/05/06 main.go:59: Server Existing
2022/05/06 main.go:43: Starting HTTP Server , Listening :8080 ... 
2022/05/06 main.go:55: ShutDown Server...
2022/05/06 main.go:63: Server Existing
2022/05/06 main.go:38: Starting HTTP Server , Listening :8080 ... 
2022/05/06 main.go:50: ShutDown Server...
2022/05/06 main.go:42: Server ListenAndServe Fail http: Server closed
